<?xml version="1.0" encoding="UTF-8"?>
<!-- Generated by org.testng.reporters.JUnitReportReporter -->
<testsuite hostname="IT-99" failures="0" tests="1" name="com.qa.bugzilla.tests.LoginPageTest" time="57.111" errors="0" timestamp="25 Aug 2021 13:38:16 GMT" skipped="0">
  <testcase classname="com.qa.bugzilla.tests.LoginPageTest" name="doLoginTest" time="57.111"/>
</testsuite> <!-- com.qa.bugzilla.tests.LoginPageTest -->
