<?xml version="1.0" encoding="UTF-8"?>
<!-- Generated by org.testng.reporters.JUnitReportReporter -->
<testsuite hostname="IT-99" failures="0" tests="1" name="com.qa.simplistock.tests.LoginPageTest" time="1927.822" errors="0" timestamp="24 Aug 2021 09:38:02 GMT" skipped="0">
  <testcase classname="com.qa.simplistock.tests.LoginPageTest" name="doLoginTest" time="1927.822"/>
</testsuite> <!-- com.qa.simplistock.tests.LoginPageTest -->
